<?xml version="1.0" encoding="UTF-8" ?>
<testsuite failures="0" time="12.435" errors="0" skipped="0" tests="1" name="htmlpublisher.HtmlPublisherTest">
  <properties>
    <property name="jna.platform.library.path" value="/usr/lib:/usr/lib"/>
    <property name="java.runtime.name" value="Java(TM) SE Runtime Environment"/>
    <property name="sun.boot.library.path" value="/Library/Java/JavaVirtualMachines/jdk1.7.0_51.jdk/Contents/Home/jre/lib"/>
    <property name="java.vm.version" value="24.51-b03"/>
    <property name="gopherProxySet" value="false"/>
    <property name="java.vm.vendor" value="Oracle Corporation"/>
    <property name="java.vendor.url" value="http://java.oracle.com/"/>
    <property name="path.separator" value=":"/>
    <property name="java.vm.name" value="Java HotSpot(TM) 64-Bit Server VM"/>
    <property name="file.encoding.pkg" value="sun.io"/>
    <property name="user.country" value="US"/>
    <property name="sun.java.launcher" value="SUN_STANDARD"/>
    <property name="sun.os.patch.level" value="unknown"/>
    <property name="java.vm.specification.name" value="Java Virtual Machine Specification"/>
    <property name="user.dir" value="/Users/tbenavides/Sites/data-seed/sqlparser-plugin"/>
    <property name="java.runtime.version" value="1.7.0_51-b13"/>
    <property name="java.awt.graphicsenv" value="sun.awt.CGraphicsEnvironment"/>
    <property name="basedir" value="/Users/tbenavides/Sites/data-seed/sqlparser-plugin"/>
    <property name="java.endorsed.dirs" value="/Library/Java/JavaVirtualMachines/jdk1.7.0_51.jdk/Contents/Home/jre/lib/endorsed"/>
    <property name="os.arch" value="x86_64"/>
    <property name="surefire.real.class.path" value="/Users/tbenavides/Sites/data-seed/sqlparser-plugin/target/surefire/surefirebooter3278778327958117574.jar"/>
    <property name="hudson.udp" value="33849"/>
    <property name="java.io.tmpdir" value="/var/folders/xm/mqzcy5qj1tl9sbxzm8yg9zkjpkkzxl/T/"/>
    <property name="line.separator" value="
"/>
    <property name="java.vm.specification.vendor" value="Oracle Corporation"/>
    <property name="os.name" value="Mac OS X"/>
    <property name="sun.jnu.encoding" value="UTF-8"/>
    <property name="svnkit.http.methods" value="Digest,Basic,NTLM,Negotiate"/>
    <property name="java.library.path" value="/Users/tbenavides/Library/Java/Extensions:/Library/Java/Extensions:/Network/Library/Java/Extensions:/System/Library/Java/Extensions:/usr/lib/java:."/>
    <property name="surefire.test.class.path" value="/Users/tbenavides/Sites/data-seed/sqlparser-plugin/target/test-classes:/Users/tbenavides/Sites/data-seed/sqlparser-plugin/target/classes:/Users/tbenavides/.m2/repository/org/json/json/20090211/json-20090211.jar:/Users/tbenavides/.m2/repository/org/jenkins-ci/main/jenkins-core/1.424/jenkins-core-1.424.jar:/Users/tbenavides/.m2/repository/org/jenkins-ci/main/remoting/2.4/remoting-2.4.jar:/Users/tbenavides/.m2/repository/org/jenkins-ci/main/cli/1.424/cli-1.424.jar:/Users/tbenavides/.m2/repository/org/jenkins-ci/crypto-util/1.1/crypto-util-1.1.jar:/Users/tbenavides/.m2/repository/org/jvnet/hudson/jtidy/4aug2000r7-dev-hudson-1/jtidy-4aug2000r7-dev-hudson-1.jar:/Users/tbenavides/.m2/repository/org/jruby/ext/posix/jna-posix/1.0.3/jna-posix-1.0.3.jar:/Users/tbenavides/.m2/repository/org/kohsuke/trilead-putty-extension/1.0/trilead-putty-extension-1.0.jar:/Users/tbenavides/.m2/repository/org/jvnet/hudson/trilead-ssh2/build212-hudson-5/trilead-ssh2-build212-hudson-5.jar:/Users/tbenavides/.m2/repository/org/kohsuke/stapler/stapler-groovy/1.172/stapler-groovy-1.172.jar:/Users/tbenavides/.m2/repository/org/kohsuke/stapler/stapler-jelly/1.172/stapler-jelly-1.172.jar:/Users/tbenavides/.m2/repository/org/jenkins-ci/commons-jelly/1.1-jenkins-20110627/commons-jelly-1.1-jenkins-20110627.jar:/Users/tbenavides/.m2/repository/org/jvnet/hudson/dom4j/dom4j/1.6.1-hudson-3/dom4j-1.6.1-hudson-3.jar:/Users/tbenavides/.m2/repository/org/kohsuke/stapler/stapler-jrebel/1.172/stapler-jrebel-1.172.jar:/Users/tbenavides/.m2/repository/org/kohsuke/stapler/stapler/1.172/stapler-1.172.jar:/Users/tbenavides/.m2/repository/commons-discovery/commons-discovery/0.4/commons-discovery-0.4.jar:/Users/tbenavides/.m2/repository/org/jvnet/tiger-types/1.3/tiger-types-1.3.jar:/Users/tbenavides/.m2/repository/com/google/guava/guava/r06/guava-r06.jar:/Users/tbenavides/.m2/repository/commons-fileupload/commons-fileupload/1.2.1/commons-fileupload-1.2.1.jar:/Users/tbenavides/.m2/repository/org/kohsuke/stapler/stapler-adjunct-timeline/1.3/stapler-adjunct-timeline-1.3.jar:/Users/tbenavides/.m2/repository/org/kohsuke/stapler/stapler-adjunct-codemirror/1.1/stapler-adjunct-codemirror-1.1.jar:/Users/tbenavides/.m2/repository/com/infradna/tool/bridge-method-annotation/1.4/bridge-method-annotation-1.4.jar:/Users/tbenavides/.m2/repository/org/kohsuke/stapler/json-lib/2.1-rev7/json-lib-2.1-rev7.jar:/Users/tbenavides/.m2/repository/net/sf/ezmorph/ezmorph/1.0.3/ezmorph-1.0.3.jar:/Users/tbenavides/.m2/repository/org/jenkins-ci/htmlunit/2.6-jenkins-4/htmlunit-2.6-jenkins-4.jar:/Users/tbenavides/.m2/repository/xalan/xalan/2.7.1/xalan-2.7.1.jar:/Users/tbenavides/.m2/repository/xalan/serializer/2.7.1/serializer-2.7.1.jar:/Users/tbenavides/.m2/repository/commons-httpclient/commons-httpclient/3.1/commons-httpclient-3.1.jar:/Users/tbenavides/.m2/repository/org/jvnet/hudson/htmlunit-core-js/2.6-hudson-1/htmlunit-core-js-2.6-hudson-1.jar:/Users/tbenavides/.m2/repository/xerces/xercesImpl/2.9.1/xercesImpl-2.9.1.jar:/Users/tbenavides/.m2/repository/net/sourceforge/nekohtml/nekohtml/1.9.13/nekohtml-1.9.13.jar:/Users/tbenavides/.m2/repository/net/sourceforge/cssparser/cssparser/0.9.5/cssparser-0.9.5.jar:/Users/tbenavides/.m2/repository/org/w3c/css/sac/1.3/sac-1.3.jar:/Users/tbenavides/.m2/repository/args4j/args4j/2.0.16/args4j-2.0.16.jar:/Users/tbenavides/.m2/repository/org/jvnet/hudson/annotation-indexer/1.2/annotation-indexer-1.2.jar:/Users/tbenavides/.m2/repository/org/jvnet/hudson/task-reactor/1.2/task-reactor-1.2.jar:/Users/tbenavides/.m2/repository/org/jvnet/localizer/localizer/1.10/localizer-1.10.jar:/Users/tbenavides/.m2/repository/antlr/antlr/2.7.6/antlr-2.7.6.jar:/Users/tbenavides/.m2/repository/org/jvnet/hudson/xstream/1.3.1-hudson-8/xstream-1.3.1-hudson-8.jar:/Users/tbenavides/.m2/repository/xpp3/xpp3_min/1.1.4c/xpp3_min-1.1.4c.jar:/Users/tbenavides/.m2/repository/jfree/jfreechart/1.0.9/jfreechart-1.0.9.jar:/Users/tbenavides/.m2/repository/jfree/jcommon/1.0.12/jcommon-1.0.12.jar:/Users/tbenavides/.m2/repository/org/apache/ant/ant/1.8.0/ant-1.8.0.jar:/Users/tbenavides/.m2/repository/org/apache/ant/ant-launcher/1.8.0/ant-launcher-1.8.0.jar:/Users/tbenavides/.m2/repository/commons-io/commons-io/1.4/commons-io-1.4.jar:/Users/tbenavides/.m2/repository/commons-lang/commons-lang/2.4/commons-lang-2.4.jar:/Users/tbenavides/.m2/repository/commons-digester/commons-digester/1.7/commons-digester-1.7.jar:/Users/tbenavides/.m2/repository/commons-beanutils/commons-beanutils/1.8.0/commons-beanutils-1.8.0.jar:/Users/tbenavides/.m2/repository/javax/mail/mail/1.4/mail-1.4.jar:/Users/tbenavides/.m2/repository/org/jvnet/hudson/activation/1.1.1-hudson-1/activation-1.1.1-hudson-1.jar:/Users/tbenavides/.m2/repository/jaxen/jaxen/1.1-beta-11/jaxen-1.1-beta-11.jar:/Users/tbenavides/.m2/repository/commons-jelly/commons-jelly-tags-fmt/1.0/commons-jelly-tags-fmt-1.0.jar:/Users/tbenavides/.m2/repository/commons-jelly/commons-jelly-tags-xml/1.1/commons-jelly-tags-xml-1.1.jar:/Users/tbenavides/.m2/repository/org/jvnet/hudson/commons-jelly-tags-define/1.0.1-hudson-20071021/commons-jelly-tags-define-1.0.1-hudson-20071021.jar:/Users/tbenavides/.m2/repository/org/jvnet/hudson/commons-jexl/1.1-hudson-20090508/commons-jexl-1.1-hudson-20090508.jar:/Users/tbenavides/.m2/repository/org/acegisecurity/acegi-security/1.0.5/acegi-security-1.0.5.jar:/Users/tbenavides/.m2/repository/org/springframework/spring-jdbc/1.2.9/spring-jdbc-1.2.9.jar:/Users/tbenavides/.m2/repository/org/springframework/spring-dao/1.2.9/spring-dao-1.2.9.jar:/Users/tbenavides/.m2/repository/oro/oro/2.0.8/oro-2.0.8.jar:/Users/tbenavides/.m2/repository/log4j/log4j/1.2.9/log4j-1.2.9.jar:/Users/tbenavides/.m2/repository/org/codehaus/groovy/groovy-all/1.6.0/groovy-all-1.6.0.jar:/Users/tbenavides/.m2/repository/jline/jline/0.9.94/jline-0.9.94.jar:/Users/tbenavides/.m2/repository/org/springframework/spring-web/2.5/spring-web-2.5.jar:/Users/tbenavides/.m2/repository/org/springframework/spring-beans/2.5/spring-beans-2.5.jar:/Users/tbenavides/.m2/repository/org/springframework/spring-context/2.5/spring-context-2.5.jar:/Users/tbenavides/.m2/repository/org/springframework/spring-core/2.5/spring-core-2.5.jar:/Users/tbenavides/.m2/repository/org/springframework/spring-aop/2.5/spring-aop-2.5.jar:/Users/tbenavides/.m2/repository/aopalliance/aopalliance/1.0/aopalliance-1.0.jar:/Users/tbenavides/.m2/repository/xpp3/xpp3/1.1.4c/xpp3-1.1.4c.jar:/Users/tbenavides/.m2/repository/javax/servlet/jstl/1.1.0/jstl-1.1.0.jar:/Users/tbenavides/.m2/repository/commons-logging/commons-logging/1.1/commons-logging-1.1.jar:/Users/tbenavides/.m2/repository/logkit/logkit/1.0.1/logkit-1.0.1.jar:/Users/tbenavides/.m2/repository/avalon-framework/avalon-framework/4.1.3/avalon-framework-4.1.3.jar:/Users/tbenavides/.m2/repository/com/sun/xml/txw2/txw2/20070624/txw2-20070624.jar:/Users/tbenavides/.m2/repository/commons-collections/commons-collections/3.2/commons-collections-3.2.jar:/Users/tbenavides/.m2/repository/org/jvnet/winp/winp/1.14/winp-1.14.jar:/Users/tbenavides/.m2/repository/org/jenkins-ci/memory-monitor/1.5/memory-monitor-1.5.jar:/Users/tbenavides/.m2/repository/org/codehaus/woodstox/wstx-asl/3.2.7/wstx-asl-3.2.7.jar:/Users/tbenavides/.m2/repository/stax/stax-api/1.0.1/stax-api-1.0.1.jar:/Users/tbenavides/.m2/repository/org/jenkins-ci/jmdns/3.4.0-jenkins-2/jmdns-3.4.0-jenkins-2.jar:/Users/tbenavides/.m2/repository/net/java/dev/jna/jna/3.3.0-jenkins-2/jna-3.3.0-jenkins-2.jar:/Users/tbenavides/.m2/repository/com/sun/akuma/akuma/1.4/akuma-1.4.jar:/Users/tbenavides/.m2/repository/org/jvnet/libpam4j/libpam4j/1.4/libpam4j-1.4.jar:/Users/tbenavides/.m2/repository/org/jvnet/libzfs/libzfs/0.5/libzfs-0.5.jar:/Users/tbenavides/.m2/repository/com/sun/solaris/embedded_su4j/1.1/embedded_su4j-1.1.jar:/Users/tbenavides/.m2/repository/net/java/sezpoz/sezpoz/1.9/sezpoz-1.9.jar:/Users/tbenavides/.m2/repository/org/jenkins-ci/jinterop-wmi/1.1/jinterop-wmi-1.1.jar:/Users/tbenavides/.m2/repository/org/kohsuke/jinterop/jinterop-proxy/1.1/jinterop-proxy-1.1.jar:/Users/tbenavides/.m2/repository/org/kohsuke/jinterop/j-interop/2.0.6-kohsuke-1/j-interop-2.0.6-kohsuke-1.jar:/Users/tbenavides/.m2/repository/org/kohsuke/jinterop/j-interopdeps/2.0.6-kohsuke-1/j-interopdeps-2.0.6-kohsuke-1.jar:/Users/tbenavides/.m2/repository/org/jenkins-ci/windows-remote-command/1.3/windows-remote-command-1.3.jar:/Users/tbenavides/.m2/repository/org/samba/jcifs/jcifs/1.3.14-kohsuke-1/jcifs-1.3.14-kohsuke-1.jar:/Users/tbenavides/.m2/repository/org/jvnet/robust-http-client/robust-http-client/1.2/robust-http-client-1.2.jar:/Users/tbenavides/.m2/repository/commons-codec/commons-codec/1.4/commons-codec-1.4.jar:/Users/tbenavides/.m2/repository/asm/asm-commons/2.2.3/asm-commons-2.2.3.jar:/Users/tbenavides/.m2/repository/asm/asm-tree/2.2.3/asm-tree-2.2.3.jar:/Users/tbenavides/.m2/repository/asm/asm/2.2.3/asm-2.2.3.jar:/Users/tbenavides/.m2/repository/org/kohsuke/access-modifier-annotation/1.0/access-modifier-annotation-1.0.jar:/Users/tbenavides/.m2/repository/org/jenkins-ci/main/jenkins-test-harness/1.424/jenkins-test-harness-1.424.jar:/Users/tbenavides/.m2/repository/org/jenkins-ci/main/jenkins-war/1.424/jenkins-war-1.424-war-for-test.jar:/Users/tbenavides/.m2/repository/org/jenkins-ci/modules/instance-identity/1.1/instance-identity-1.1.jar:/Users/tbenavides/.m2/repository/bouncycastle/bcprov-jdk15/140/bcprov-jdk15-140.jar:/Users/tbenavides/.m2/repository/org/jenkins-ci/modules/ssh-cli-auth/1.1/ssh-cli-auth-1.1.jar:/Users/tbenavides/.m2/repository/org/jenkins-ci/main/maven-plugin/1.424/maven-plugin-1.424.jar:/Users/tbenavides/.m2/repository/org/jenkins-ci/main/maven/maven-agent/1.2/maven-agent-1.2.jar:/Users/tbenavides/.m2/repository/org/jenkins-ci/main/maven/maven-interceptor/1.2/maven-interceptor-1.2.jar:/Users/tbenavides/.m2/repository/org/jvnet/hudson/maven2.1-interceptor/1.2/maven2.1-interceptor-1.2.jar:/Users/tbenavides/.m2/repository/org/jenkins-ci/main/maven/maven3-agent/1.2/maven3-agent-1.2.jar:/Users/tbenavides/.m2/repository/org/jenkins-ci/main/maven/maven3-interceptor/1.2/maven3-interceptor-1.2.jar:/Users/tbenavides/.m2/repository/org/apache/maven/maven-core/3.0.3/maven-core-3.0.3.jar:/Users/tbenavides/.m2/repository/org/apache/maven/maven-model/3.0.3/maven-model-3.0.3.jar:/Users/tbenavides/.m2/repository/org/apache/maven/maven-settings/3.0.3/maven-settings-3.0.3.jar:/Users/tbenavides/.m2/repository/org/apache/maven/maven-settings-builder/3.0.3/maven-settings-builder-3.0.3.jar:/Users/tbenavides/.m2/repository/org/apache/maven/maven-repository-metadata/3.0.3/maven-repository-metadata-3.0.3.jar:/Users/tbenavides/.m2/repository/org/apache/maven/maven-artifact/3.0.3/maven-artifact-3.0.3.jar:/Users/tbenavides/.m2/repository/org/apache/maven/maven-plugin-api/3.0.3/maven-plugin-api-3.0.3.jar:/Users/tbenavides/.m2/repository/org/apache/maven/maven-model-builder/3.0.3/maven-model-builder-3.0.3.jar:/Users/tbenavides/.m2/repository/org/codehaus/plexus/plexus-interpolation/1.14/plexus-interpolation-1.14.jar:/Users/tbenavides/.m2/repository/org/codehaus/plexus/plexus-utils/2.0.6/plexus-utils-2.0.6.jar:/Users/tbenavides/.m2/repository/org/codehaus/plexus/plexus-component-annotations/1.5.5/plexus-component-annotations-1.5.5.jar:/Users/tbenavides/.m2/repository/org/sonatype/plexus/plexus-sec-dispatcher/1.3/plexus-sec-dispatcher-1.3.jar:/Users/tbenavides/.m2/repository/org/apache/maven/maven-compat/3.0.3/maven-compat-3.0.3.jar:/Users/tbenavides/.m2/repository/org/apache/maven/maven-aether-provider/3.0.3/maven-aether-provider-3.0.3.jar:/Users/tbenavides/.m2/repository/org/apache/maven/maven-embedder/3.0.3/maven-embedder-3.0.3.jar:/Users/tbenavides/.m2/repository/org/sonatype/plexus/plexus-cipher/1.4/plexus-cipher-1.4.jar:/Users/tbenavides/.m2/repository/commons-cli/commons-cli/1.2/commons-cli-1.2.jar:/Users/tbenavides/.m2/repository/org/sonatype/aether/aether-api/1.11/aether-api-1.11.jar:/Users/tbenavides/.m2/repository/org/sonatype/aether/aether-impl/1.11/aether-impl-1.11.jar:/Users/tbenavides/.m2/repository/org/sonatype/aether/aether-spi/1.11/aether-spi-1.11.jar:/Users/tbenavides/.m2/repository/org/sonatype/aether/aether-util/1.11/aether-util-1.11.jar:/Users/tbenavides/.m2/repository/org/sonatype/aether/aether-connector-wagon/1.11/aether-connector-wagon-1.11.jar:/Users/tbenavides/.m2/repository/org/sonatype/sisu/sisu-inject-plexus/2.2.0/sisu-inject-plexus-2.2.0.jar:/Users/tbenavides/.m2/repository/org/sonatype/sisu/sisu-guice/3.0.1/sisu-guice-3.0.1.jar:/Users/tbenavides/.m2/repository/javax/inject/javax.inject/1/javax.inject-1.jar:/Users/tbenavides/.m2/repository/org/sonatype/sisu/sisu-inject-bean/2.2.0/sisu-inject-bean-2.2.0.jar:/Users/tbenavides/.m2/repository/org/apache/maven/wagon/wagon-http-lightweight/1.0-beta-7/wagon-http-lightweight-1.0-beta-7.jar:/Users/tbenavides/.m2/repository/org/apache/maven/wagon/wagon-http-shared/1.0-beta-7/wagon-http-shared-1.0-beta-7.jar:/Users/tbenavides/.m2/repository/org/apache/maven/wagon/wagon-file/1.0-beta-7/wagon-file-1.0-beta-7.jar:/Users/tbenavides/.m2/repository/org/apache/maven/wagon/wagon-ftp/1.0-beta-7/wagon-ftp-1.0-beta-7.jar:/Users/tbenavides/.m2/repository/commons-net/commons-net/2.0/commons-net-2.0.jar:/Users/tbenavides/.m2/repository/org/apache/maven/wagon/wagon-ssh/1.0-beta-7/wagon-ssh-1.0-beta-7.jar:/Users/tbenavides/.m2/repository/com/jcraft/jsch/0.1.38/jsch-0.1.38.jar:/Users/tbenavides/.m2/repository/org/apache/maven/wagon/wagon-ssh-common/1.0-beta-7/wagon-ssh-common-1.0-beta-7.jar:/Users/tbenavides/.m2/repository/org/codehaus/plexus/plexus-interactivity-api/1.0-alpha-6/plexus-interactivity-api-1.0-alpha-6.jar:/Users/tbenavides/.m2/repository/org/apache/maven/wagon/wagon-ssh-external/1.0-beta-7/wagon-ssh-external-1.0-beta-7.jar:/Users/tbenavides/.m2/repository/org/apache/maven/wagon/wagon-provider-api/1.0-beta-7/wagon-provider-api-1.0-beta-7.jar:/Users/tbenavides/.m2/repository/org/apache/maven/reporting/maven-reporting-api/3.0/maven-reporting-api-3.0.jar:/Users/tbenavides/.m2/repository/org/apache/maven/doxia/doxia-sink-api/1.0/doxia-sink-api-1.0.jar:/Users/tbenavides/.m2/repository/org/codehaus/plexus/plexus-classworlds/2.3/plexus-classworlds-2.3.jar:/Users/tbenavides/.m2/repository/org/jenkins-ci/lib/lib-jenkins-maven-artifact-manager/1.2/lib-jenkins-maven-artifact-manager-1.2.jar:/Users/tbenavides/.m2/repository/org/jenkins-ci/lib/lib-jenkins-maven-embedder/3.4/lib-jenkins-maven-embedder-3.4.jar:/Users/tbenavides/.m2/repository/org/apache/maven/wagon/wagon-webdav-jackrabbit/1.0-beta-7/wagon-webdav-jackrabbit-1.0-beta-7.jar:/Users/tbenavides/.m2/repository/org/apache/jackrabbit/jackrabbit-webdav/1.5.0/jackrabbit-webdav-1.5.0.jar:/Users/tbenavides/.m2/repository/org/apache/jackrabbit/jackrabbit-jcr-commons/1.5.0/jackrabbit-jcr-commons-1.5.0.jar:/Users/tbenavides/.m2/repository/org/slf4j/slf4j-api/1.5.3/slf4j-api-1.5.3.jar:/Users/tbenavides/.m2/repository/org/slf4j/slf4j-nop/1.5.3/slf4j-nop-1.5.3.jar:/Users/tbenavides/.m2/repository/org/jenkins-ci/plugins/subversion/1.25/subversion-1.25.jar:/Users/tbenavides/.m2/repository/org/jenkins-ci/svnkit/svnkit/1.3.4-jenkins-4/svnkit-1.3.4-jenkins-4.jar:/Users/tbenavides/.m2/repository/org/mortbay/jetty/jetty/6.1.26/jetty-6.1.26.jar:/Users/tbenavides/.m2/repository/org/mortbay/jetty/jetty-util/6.1.26/jetty-util-6.1.26.jar:/Users/tbenavides/.m2/repository/org/mortbay/jetty/servlet-api/2.5-20081211/servlet-api-2.5-20081211.jar:/Users/tbenavides/.m2/repository/org/jvnet/hudson/test-annotations/1.0/test-annotations-1.0.jar:/Users/tbenavides/.m2/repository/org/jvnet/mock-javamail/mock-javamail/1.7/mock-javamail-1.7.jar:/Users/tbenavides/.m2/repository/org/jvnet/hudson/embedded-rhino-debugger/1.2/embedded-rhino-debugger-1.2.jar:/Users/tbenavides/.m2/repository/org/jvnet/hudson/netx/0.5-hudson-2/netx-0.5-hudson-2.jar:/Users/tbenavides/.m2/repository/org/easymock/easymock/2.4/easymock-2.4.jar:/Users/tbenavides/.m2/repository/org/jenkins-ci/main/ui-samples-plugin/1.424/ui-samples-plugin-1.424.jar:/Users/tbenavides/.m2/repository/junit/junit/4.8.2/junit-4.8.2.jar:/Users/tbenavides/.m2/repository/javax/servlet/servlet-api/2.4/servlet-api-2.4.jar:"/>
    <property name="java.specification.name" value="Java Platform API Specification"/>
    <property name="java.class.version" value="51.0"/>
    <property name="sun.management.compiler" value="HotSpot 64-Bit Tiered Compilers"/>
    <property name="os.version" value="10.9.3"/>
    <property name="http.nonProxyHosts" value="local|*.local|169.254/16|*.169.254/16"/>
    <property name="user.home" value="/Users/tbenavides"/>
    <property name="user.timezone" value="America/Los_Angeles"/>
    <property name="java.awt.printerjob" value="sun.lwawt.macosx.CPrinterJob"/>
    <property name="org.mortbay.jetty.Request.maxFormContentSize" value="-1"/>
    <property name="java.specification.version" value="1.7"/>
    <property name="file.encoding" value="UTF-8"/>
    <property name="user.name" value="tbenavides"/>
    <property name="java.class.path" value="/Users/tbenavides/Sites/data-seed/sqlparser-plugin/target/test-classes:/Users/tbenavides/Sites/data-seed/sqlparser-plugin/target/classes:/Users/tbenavides/.m2/repository/org/json/json/20090211/json-20090211.jar:/Users/tbenavides/.m2/repository/org/jenkins-ci/main/jenkins-core/1.424/jenkins-core-1.424.jar:/Users/tbenavides/.m2/repository/org/jenkins-ci/main/remoting/2.4/remoting-2.4.jar:/Users/tbenavides/.m2/repository/org/jenkins-ci/main/cli/1.424/cli-1.424.jar:/Users/tbenavides/.m2/repository/org/jenkins-ci/crypto-util/1.1/crypto-util-1.1.jar:/Users/tbenavides/.m2/repository/org/jvnet/hudson/jtidy/4aug2000r7-dev-hudson-1/jtidy-4aug2000r7-dev-hudson-1.jar:/Users/tbenavides/.m2/repository/org/jruby/ext/posix/jna-posix/1.0.3/jna-posix-1.0.3.jar:/Users/tbenavides/.m2/repository/org/kohsuke/trilead-putty-extension/1.0/trilead-putty-extension-1.0.jar:/Users/tbenavides/.m2/repository/org/jvnet/hudson/trilead-ssh2/build212-hudson-5/trilead-ssh2-build212-hudson-5.jar:/Users/tbenavides/.m2/repository/org/kohsuke/stapler/stapler-groovy/1.172/stapler-groovy-1.172.jar:/Users/tbenavides/.m2/repository/org/kohsuke/stapler/stapler-jelly/1.172/stapler-jelly-1.172.jar:/Users/tbenavides/.m2/repository/org/jenkins-ci/commons-jelly/1.1-jenkins-20110627/commons-jelly-1.1-jenkins-20110627.jar:/Users/tbenavides/.m2/repository/org/jvnet/hudson/dom4j/dom4j/1.6.1-hudson-3/dom4j-1.6.1-hudson-3.jar:/Users/tbenavides/.m2/repository/org/kohsuke/stapler/stapler-jrebel/1.172/stapler-jrebel-1.172.jar:/Users/tbenavides/.m2/repository/org/kohsuke/stapler/stapler/1.172/stapler-1.172.jar:/Users/tbenavides/.m2/repository/commons-discovery/commons-discovery/0.4/commons-discovery-0.4.jar:/Users/tbenavides/.m2/repository/org/jvnet/tiger-types/1.3/tiger-types-1.3.jar:/Users/tbenavides/.m2/repository/com/google/guava/guava/r06/guava-r06.jar:/Users/tbenavides/.m2/repository/commons-fileupload/commons-fileupload/1.2.1/commons-fileupload-1.2.1.jar:/Users/tbenavides/.m2/repository/org/kohsuke/stapler/stapler-adjunct-timeline/1.3/stapler-adjunct-timeline-1.3.jar:/Users/tbenavides/.m2/repository/org/kohsuke/stapler/stapler-adjunct-codemirror/1.1/stapler-adjunct-codemirror-1.1.jar:/Users/tbenavides/.m2/repository/com/infradna/tool/bridge-method-annotation/1.4/bridge-method-annotation-1.4.jar:/Users/tbenavides/.m2/repository/org/kohsuke/stapler/json-lib/2.1-rev7/json-lib-2.1-rev7.jar:/Users/tbenavides/.m2/repository/net/sf/ezmorph/ezmorph/1.0.3/ezmorph-1.0.3.jar:/Users/tbenavides/.m2/repository/org/jenkins-ci/htmlunit/2.6-jenkins-4/htmlunit-2.6-jenkins-4.jar:/Users/tbenavides/.m2/repository/xalan/xalan/2.7.1/xalan-2.7.1.jar:/Users/tbenavides/.m2/repository/xalan/serializer/2.7.1/serializer-2.7.1.jar:/Users/tbenavides/.m2/repository/commons-httpclient/commons-httpclient/3.1/commons-httpclient-3.1.jar:/Users/tbenavides/.m2/repository/org/jvnet/hudson/htmlunit-core-js/2.6-hudson-1/htmlunit-core-js-2.6-hudson-1.jar:/Users/tbenavides/.m2/repository/xerces/xercesImpl/2.9.1/xercesImpl-2.9.1.jar:/Users/tbenavides/.m2/repository/net/sourceforge/nekohtml/nekohtml/1.9.13/nekohtml-1.9.13.jar:/Users/tbenavides/.m2/repository/net/sourceforge/cssparser/cssparser/0.9.5/cssparser-0.9.5.jar:/Users/tbenavides/.m2/repository/org/w3c/css/sac/1.3/sac-1.3.jar:/Users/tbenavides/.m2/repository/args4j/args4j/2.0.16/args4j-2.0.16.jar:/Users/tbenavides/.m2/repository/org/jvnet/hudson/annotation-indexer/1.2/annotation-indexer-1.2.jar:/Users/tbenavides/.m2/repository/org/jvnet/hudson/task-reactor/1.2/task-reactor-1.2.jar:/Users/tbenavides/.m2/repository/org/jvnet/localizer/localizer/1.10/localizer-1.10.jar:/Users/tbenavides/.m2/repository/antlr/antlr/2.7.6/antlr-2.7.6.jar:/Users/tbenavides/.m2/repository/org/jvnet/hudson/xstream/1.3.1-hudson-8/xstream-1.3.1-hudson-8.jar:/Users/tbenavides/.m2/repository/xpp3/xpp3_min/1.1.4c/xpp3_min-1.1.4c.jar:/Users/tbenavides/.m2/repository/jfree/jfreechart/1.0.9/jfreechart-1.0.9.jar:/Users/tbenavides/.m2/repository/jfree/jcommon/1.0.12/jcommon-1.0.12.jar:/Users/tbenavides/.m2/repository/org/apache/ant/ant/1.8.0/ant-1.8.0.jar:/Users/tbenavides/.m2/repository/org/apache/ant/ant-launcher/1.8.0/ant-launcher-1.8.0.jar:/Users/tbenavides/.m2/repository/commons-io/commons-io/1.4/commons-io-1.4.jar:/Users/tbenavides/.m2/repository/commons-lang/commons-lang/2.4/commons-lang-2.4.jar:/Users/tbenavides/.m2/repository/commons-digester/commons-digester/1.7/commons-digester-1.7.jar:/Users/tbenavides/.m2/repository/commons-beanutils/commons-beanutils/1.8.0/commons-beanutils-1.8.0.jar:/Users/tbenavides/.m2/repository/javax/mail/mail/1.4/mail-1.4.jar:/Users/tbenavides/.m2/repository/org/jvnet/hudson/activation/1.1.1-hudson-1/activation-1.1.1-hudson-1.jar:/Users/tbenavides/.m2/repository/jaxen/jaxen/1.1-beta-11/jaxen-1.1-beta-11.jar:/Users/tbenavides/.m2/repository/commons-jelly/commons-jelly-tags-fmt/1.0/commons-jelly-tags-fmt-1.0.jar:/Users/tbenavides/.m2/repository/commons-jelly/commons-jelly-tags-xml/1.1/commons-jelly-tags-xml-1.1.jar:/Users/tbenavides/.m2/repository/org/jvnet/hudson/commons-jelly-tags-define/1.0.1-hudson-20071021/commons-jelly-tags-define-1.0.1-hudson-20071021.jar:/Users/tbenavides/.m2/repository/org/jvnet/hudson/commons-jexl/1.1-hudson-20090508/commons-jexl-1.1-hudson-20090508.jar:/Users/tbenavides/.m2/repository/org/acegisecurity/acegi-security/1.0.5/acegi-security-1.0.5.jar:/Users/tbenavides/.m2/repository/org/springframework/spring-jdbc/1.2.9/spring-jdbc-1.2.9.jar:/Users/tbenavides/.m2/repository/org/springframework/spring-dao/1.2.9/spring-dao-1.2.9.jar:/Users/tbenavides/.m2/repository/oro/oro/2.0.8/oro-2.0.8.jar:/Users/tbenavides/.m2/repository/log4j/log4j/1.2.9/log4j-1.2.9.jar:/Users/tbenavides/.m2/repository/org/codehaus/groovy/groovy-all/1.6.0/groovy-all-1.6.0.jar:/Users/tbenavides/.m2/repository/jline/jline/0.9.94/jline-0.9.94.jar:/Users/tbenavides/.m2/repository/org/springframework/spring-web/2.5/spring-web-2.5.jar:/Users/tbenavides/.m2/repository/org/springframework/spring-beans/2.5/spring-beans-2.5.jar:/Users/tbenavides/.m2/repository/org/springframework/spring-context/2.5/spring-context-2.5.jar:/Users/tbenavides/.m2/repository/org/springframework/spring-core/2.5/spring-core-2.5.jar:/Users/tbenavides/.m2/repository/org/springframework/spring-aop/2.5/spring-aop-2.5.jar:/Users/tbenavides/.m2/repository/aopalliance/aopalliance/1.0/aopalliance-1.0.jar:/Users/tbenavides/.m2/repository/xpp3/xpp3/1.1.4c/xpp3-1.1.4c.jar:/Users/tbenavides/.m2/repository/javax/servlet/jstl/1.1.0/jstl-1.1.0.jar:/Users/tbenavides/.m2/repository/commons-logging/commons-logging/1.1/commons-logging-1.1.jar:/Users/tbenavides/.m2/repository/logkit/logkit/1.0.1/logkit-1.0.1.jar:/Users/tbenavides/.m2/repository/avalon-framework/avalon-framework/4.1.3/avalon-framework-4.1.3.jar:/Users/tbenavides/.m2/repository/com/sun/xml/txw2/txw2/20070624/txw2-20070624.jar:/Users/tbenavides/.m2/repository/commons-collections/commons-collections/3.2/commons-collections-3.2.jar:/Users/tbenavides/.m2/repository/org/jvnet/winp/winp/1.14/winp-1.14.jar:/Users/tbenavides/.m2/repository/org/jenkins-ci/memory-monitor/1.5/memory-monitor-1.5.jar:/Users/tbenavides/.m2/repository/org/codehaus/woodstox/wstx-asl/3.2.7/wstx-asl-3.2.7.jar:/Users/tbenavides/.m2/repository/stax/stax-api/1.0.1/stax-api-1.0.1.jar:/Users/tbenavides/.m2/repository/org/jenkins-ci/jmdns/3.4.0-jenkins-2/jmdns-3.4.0-jenkins-2.jar:/Users/tbenavides/.m2/repository/net/java/dev/jna/jna/3.3.0-jenkins-2/jna-3.3.0-jenkins-2.jar:/Users/tbenavides/.m2/repository/com/sun/akuma/akuma/1.4/akuma-1.4.jar:/Users/tbenavides/.m2/repository/org/jvnet/libpam4j/libpam4j/1.4/libpam4j-1.4.jar:/Users/tbenavides/.m2/repository/org/jvnet/libzfs/libzfs/0.5/libzfs-0.5.jar:/Users/tbenavides/.m2/repository/com/sun/solaris/embedded_su4j/1.1/embedded_su4j-1.1.jar:/Users/tbenavides/.m2/repository/net/java/sezpoz/sezpoz/1.9/sezpoz-1.9.jar:/Users/tbenavides/.m2/repository/org/jenkins-ci/jinterop-wmi/1.1/jinterop-wmi-1.1.jar:/Users/tbenavides/.m2/repository/org/kohsuke/jinterop/jinterop-proxy/1.1/jinterop-proxy-1.1.jar:/Users/tbenavides/.m2/repository/org/kohsuke/jinterop/j-interop/2.0.6-kohsuke-1/j-interop-2.0.6-kohsuke-1.jar:/Users/tbenavides/.m2/repository/org/kohsuke/jinterop/j-interopdeps/2.0.6-kohsuke-1/j-interopdeps-2.0.6-kohsuke-1.jar:/Users/tbenavides/.m2/repository/org/jenkins-ci/windows-remote-command/1.3/windows-remote-command-1.3.jar:/Users/tbenavides/.m2/repository/org/samba/jcifs/jcifs/1.3.14-kohsuke-1/jcifs-1.3.14-kohsuke-1.jar:/Users/tbenavides/.m2/repository/org/jvnet/robust-http-client/robust-http-client/1.2/robust-http-client-1.2.jar:/Users/tbenavides/.m2/repository/commons-codec/commons-codec/1.4/commons-codec-1.4.jar:/Users/tbenavides/.m2/repository/asm/asm-commons/2.2.3/asm-commons-2.2.3.jar:/Users/tbenavides/.m2/repository/asm/asm-tree/2.2.3/asm-tree-2.2.3.jar:/Users/tbenavides/.m2/repository/asm/asm/2.2.3/asm-2.2.3.jar:/Users/tbenavides/.m2/repository/org/kohsuke/access-modifier-annotation/1.0/access-modifier-annotation-1.0.jar:/Users/tbenavides/.m2/repository/org/jenkins-ci/main/jenkins-test-harness/1.424/jenkins-test-harness-1.424.jar:/Users/tbenavides/.m2/repository/org/jenkins-ci/main/jenkins-war/1.424/jenkins-war-1.424-war-for-test.jar:/Users/tbenavides/.m2/repository/org/jenkins-ci/modules/instance-identity/1.1/instance-identity-1.1.jar:/Users/tbenavides/.m2/repository/bouncycastle/bcprov-jdk15/140/bcprov-jdk15-140.jar:/Users/tbenavides/.m2/repository/org/jenkins-ci/modules/ssh-cli-auth/1.1/ssh-cli-auth-1.1.jar:/Users/tbenavides/.m2/repository/org/jenkins-ci/main/maven-plugin/1.424/maven-plugin-1.424.jar:/Users/tbenavides/.m2/repository/org/jenkins-ci/main/maven/maven-agent/1.2/maven-agent-1.2.jar:/Users/tbenavides/.m2/repository/org/jenkins-ci/main/maven/maven-interceptor/1.2/maven-interceptor-1.2.jar:/Users/tbenavides/.m2/repository/org/jvnet/hudson/maven2.1-interceptor/1.2/maven2.1-interceptor-1.2.jar:/Users/tbenavides/.m2/repository/org/jenkins-ci/main/maven/maven3-agent/1.2/maven3-agent-1.2.jar:/Users/tbenavides/.m2/repository/org/jenkins-ci/main/maven/maven3-interceptor/1.2/maven3-interceptor-1.2.jar:/Users/tbenavides/.m2/repository/org/apache/maven/maven-core/3.0.3/maven-core-3.0.3.jar:/Users/tbenavides/.m2/repository/org/apache/maven/maven-model/3.0.3/maven-model-3.0.3.jar:/Users/tbenavides/.m2/repository/org/apache/maven/maven-settings/3.0.3/maven-settings-3.0.3.jar:/Users/tbenavides/.m2/repository/org/apache/maven/maven-settings-builder/3.0.3/maven-settings-builder-3.0.3.jar:/Users/tbenavides/.m2/repository/org/apache/maven/maven-repository-metadata/3.0.3/maven-repository-metadata-3.0.3.jar:/Users/tbenavides/.m2/repository/org/apache/maven/maven-artifact/3.0.3/maven-artifact-3.0.3.jar:/Users/tbenavides/.m2/repository/org/apache/maven/maven-plugin-api/3.0.3/maven-plugin-api-3.0.3.jar:/Users/tbenavides/.m2/repository/org/apache/maven/maven-model-builder/3.0.3/maven-model-builder-3.0.3.jar:/Users/tbenavides/.m2/repository/org/codehaus/plexus/plexus-interpolation/1.14/plexus-interpolation-1.14.jar:/Users/tbenavides/.m2/repository/org/codehaus/plexus/plexus-utils/2.0.6/plexus-utils-2.0.6.jar:/Users/tbenavides/.m2/repository/org/codehaus/plexus/plexus-component-annotations/1.5.5/plexus-component-annotations-1.5.5.jar:/Users/tbenavides/.m2/repository/org/sonatype/plexus/plexus-sec-dispatcher/1.3/plexus-sec-dispatcher-1.3.jar:/Users/tbenavides/.m2/repository/org/apache/maven/maven-compat/3.0.3/maven-compat-3.0.3.jar:/Users/tbenavides/.m2/repository/org/apache/maven/maven-aether-provider/3.0.3/maven-aether-provider-3.0.3.jar:/Users/tbenavides/.m2/repository/org/apache/maven/maven-embedder/3.0.3/maven-embedder-3.0.3.jar:/Users/tbenavides/.m2/repository/org/sonatype/plexus/plexus-cipher/1.4/plexus-cipher-1.4.jar:/Users/tbenavides/.m2/repository/commons-cli/commons-cli/1.2/commons-cli-1.2.jar:/Users/tbenavides/.m2/repository/org/sonatype/aether/aether-api/1.11/aether-api-1.11.jar:/Users/tbenavides/.m2/repository/org/sonatype/aether/aether-impl/1.11/aether-impl-1.11.jar:/Users/tbenavides/.m2/repository/org/sonatype/aether/aether-spi/1.11/aether-spi-1.11.jar:/Users/tbenavides/.m2/repository/org/sonatype/aether/aether-util/1.11/aether-util-1.11.jar:/Users/tbenavides/.m2/repository/org/sonatype/aether/aether-connector-wagon/1.11/aether-connector-wagon-1.11.jar:/Users/tbenavides/.m2/repository/org/sonatype/sisu/sisu-inject-plexus/2.2.0/sisu-inject-plexus-2.2.0.jar:/Users/tbenavides/.m2/repository/org/sonatype/sisu/sisu-guice/3.0.1/sisu-guice-3.0.1.jar:/Users/tbenavides/.m2/repository/javax/inject/javax.inject/1/javax.inject-1.jar:/Users/tbenavides/.m2/repository/org/sonatype/sisu/sisu-inject-bean/2.2.0/sisu-inject-bean-2.2.0.jar:/Users/tbenavides/.m2/repository/org/apache/maven/wagon/wagon-http-lightweight/1.0-beta-7/wagon-http-lightweight-1.0-beta-7.jar:/Users/tbenavides/.m2/repository/org/apache/maven/wagon/wagon-http-shared/1.0-beta-7/wagon-http-shared-1.0-beta-7.jar:/Users/tbenavides/.m2/repository/org/apache/maven/wagon/wagon-file/1.0-beta-7/wagon-file-1.0-beta-7.jar:/Users/tbenavides/.m2/repository/org/apache/maven/wagon/wagon-ftp/1.0-beta-7/wagon-ftp-1.0-beta-7.jar:/Users/tbenavides/.m2/repository/commons-net/commons-net/2.0/commons-net-2.0.jar:/Users/tbenavides/.m2/repository/org/apache/maven/wagon/wagon-ssh/1.0-beta-7/wagon-ssh-1.0-beta-7.jar:/Users/tbenavides/.m2/repository/com/jcraft/jsch/0.1.38/jsch-0.1.38.jar:/Users/tbenavides/.m2/repository/org/apache/maven/wagon/wagon-ssh-common/1.0-beta-7/wagon-ssh-common-1.0-beta-7.jar:/Users/tbenavides/.m2/repository/org/codehaus/plexus/plexus-interactivity-api/1.0-alpha-6/plexus-interactivity-api-1.0-alpha-6.jar:/Users/tbenavides/.m2/repository/org/apache/maven/wagon/wagon-ssh-external/1.0-beta-7/wagon-ssh-external-1.0-beta-7.jar:/Users/tbenavides/.m2/repository/org/apache/maven/wagon/wagon-provider-api/1.0-beta-7/wagon-provider-api-1.0-beta-7.jar:/Users/tbenavides/.m2/repository/org/apache/maven/reporting/maven-reporting-api/3.0/maven-reporting-api-3.0.jar:/Users/tbenavides/.m2/repository/org/apache/maven/doxia/doxia-sink-api/1.0/doxia-sink-api-1.0.jar:/Users/tbenavides/.m2/repository/org/codehaus/plexus/plexus-classworlds/2.3/plexus-classworlds-2.3.jar:/Users/tbenavides/.m2/repository/org/jenkins-ci/lib/lib-jenkins-maven-artifact-manager/1.2/lib-jenkins-maven-artifact-manager-1.2.jar:/Users/tbenavides/.m2/repository/org/jenkins-ci/lib/lib-jenkins-maven-embedder/3.4/lib-jenkins-maven-embedder-3.4.jar:/Users/tbenavides/.m2/repository/org/apache/maven/wagon/wagon-webdav-jackrabbit/1.0-beta-7/wagon-webdav-jackrabbit-1.0-beta-7.jar:/Users/tbenavides/.m2/repository/org/apache/jackrabbit/jackrabbit-webdav/1.5.0/jackrabbit-webdav-1.5.0.jar:/Users/tbenavides/.m2/repository/org/apache/jackrabbit/jackrabbit-jcr-commons/1.5.0/jackrabbit-jcr-commons-1.5.0.jar:/Users/tbenavides/.m2/repository/org/slf4j/slf4j-api/1.5.3/slf4j-api-1.5.3.jar:/Users/tbenavides/.m2/repository/org/slf4j/slf4j-nop/1.5.3/slf4j-nop-1.5.3.jar:/Users/tbenavides/.m2/repository/org/jenkins-ci/plugins/subversion/1.25/subversion-1.25.jar:/Users/tbenavides/.m2/repository/org/jenkins-ci/svnkit/svnkit/1.3.4-jenkins-4/svnkit-1.3.4-jenkins-4.jar:/Users/tbenavides/.m2/repository/org/mortbay/jetty/jetty/6.1.26/jetty-6.1.26.jar:/Users/tbenavides/.m2/repository/org/mortbay/jetty/jetty-util/6.1.26/jetty-util-6.1.26.jar:/Users/tbenavides/.m2/repository/org/mortbay/jetty/servlet-api/2.5-20081211/servlet-api-2.5-20081211.jar:/Users/tbenavides/.m2/repository/org/jvnet/hudson/test-annotations/1.0/test-annotations-1.0.jar:/Users/tbenavides/.m2/repository/org/jvnet/mock-javamail/mock-javamail/1.7/mock-javamail-1.7.jar:/Users/tbenavides/.m2/repository/org/jvnet/hudson/embedded-rhino-debugger/1.2/embedded-rhino-debugger-1.2.jar:/Users/tbenavides/.m2/repository/org/jvnet/hudson/netx/0.5-hudson-2/netx-0.5-hudson-2.jar:/Users/tbenavides/.m2/repository/org/easymock/easymock/2.4/easymock-2.4.jar:/Users/tbenavides/.m2/repository/org/jenkins-ci/main/ui-samples-plugin/1.424/ui-samples-plugin-1.424.jar:/Users/tbenavides/.m2/repository/junit/junit/4.8.2/junit-4.8.2.jar:/Users/tbenavides/.m2/repository/javax/servlet/servlet-api/2.4/servlet-api-2.4.jar:"/>
    <property name="java.vm.specification.version" value="1.7"/>
    <property name="sun.arch.data.model" value="64"/>
    <property name="java.home" value="/Library/Java/JavaVirtualMachines/jdk1.7.0_51.jdk/Contents/Home/jre"/>
    <property name="sun.java.command" value="/Users/tbenavides/Sites/data-seed/sqlparser-plugin/target/surefire/surefirebooter3278778327958117574.jar /Users/tbenavides/Sites/data-seed/sqlparser-plugin/target/surefire/surefire210413151013542571tmp /Users/tbenavides/Sites/data-seed/sqlparser-plugin/target/surefire/surefire7665190527334334995tmp"/>
    <property name="svnkit.ssh2.persistent" value="false"/>
    <property name="java.specification.vendor" value="Oracle Corporation"/>
    <property name="user.language" value="en"/>
    <property name="awt.toolkit" value="sun.lwawt.macosx.LWCToolkit"/>
    <property name="java.vm.info" value="mixed mode"/>
    <property name="java.version" value="1.7.0_51"/>
    <property name="java.ext.dirs" value="/Users/tbenavides/Library/Java/Extensions:/Library/Java/JavaVirtualMachines/jdk1.7.0_51.jdk/Contents/Home/jre/lib/ext:/Library/Java/Extensions:/Network/Library/Java/Extensions:/System/Library/Java/Extensions:/usr/lib/java"/>
    <property name="sun.boot.class.path" value="/Library/Java/JavaVirtualMachines/jdk1.7.0_51.jdk/Contents/Home/jre/lib/resources.jar:/Library/Java/JavaVirtualMachines/jdk1.7.0_51.jdk/Contents/Home/jre/lib/rt.jar:/Library/Java/JavaVirtualMachines/jdk1.7.0_51.jdk/Contents/Home/jre/lib/sunrsasign.jar:/Library/Java/JavaVirtualMachines/jdk1.7.0_51.jdk/Contents/Home/jre/lib/jsse.jar:/Library/Java/JavaVirtualMachines/jdk1.7.0_51.jdk/Contents/Home/jre/lib/jce.jar:/Library/Java/JavaVirtualMachines/jdk1.7.0_51.jdk/Contents/Home/jre/lib/charsets.jar:/Library/Java/JavaVirtualMachines/jdk1.7.0_51.jdk/Contents/Home/jre/lib/jfr.jar:/Library/Java/JavaVirtualMachines/jdk1.7.0_51.jdk/Contents/Home/jre/classes"/>
    <property name="java.vendor" value="Oracle Corporation"/>
    <property name="localRepository" value="/Users/tbenavides/.m2/repository"/>
    <property name="file.separator" value="/"/>
    <property name="java.vendor.url.bug" value="http://bugreport.sun.com/bugreport/"/>
    <property name="sun.cpu.endian" value="little"/>
    <property name="sun.io.unicode.encoding" value="UnicodeBig"/>
    <property name="sun.font.fontmanager" value="sun.font.CFontManager"/>
    <property name="socksNonProxyHosts" value="local|*.local|169.254/16|*.169.254/16"/>
    <property name="ftp.nonProxyHosts" value="local|*.local|169.254/16|*.169.254/16"/>
    <property name="sun.cpu.isalist" value=""/>
  </properties>
  <testcase time="11.237" classname="htmlpublisher.HtmlPublisherTest" name="testConfigRoundtrip"/>
</testsuite>